#
# A fatal error has been detected by the Java Runtime Environment:
#
#  EXCEPTION_ACCESS_VIOLATION (0xc0000005) at pc=0x00007ffb12045ef0, pid=7528, tid=3636
#
# JRE version: Java(TM) SE Runtime Environment (7.0_75-b13) (build 1.7.0_75-b13)
# Java VM: Java HotSpot(TM) 64-Bit Server VM (24.75-b04 mixed mode windows-amd64 compressed oops)
# Problematic frame:
# C  0x00007ffb12045ef0
#
# Failed to write core dump. Minidumps are not enabled by default on client versions of Windows
#
# If you would like to submit a bug report, please visit:
#   http://bugreport.sun.com/bugreport/crash.jsp
# The crash happened outside the Java Virtual Machine in native code.
# See problematic frame for where to report the bug.
#

---------------  T H R E A D  ---------------

Current thread (0x0000000012c7b800):  JavaThread "AWT-EventQueue-0" [_thread_in_native, id=3636, stack(0x0000000014790000,0x0000000014890000)]

siginfo: ExceptionCode=0xc0000005, reading address 0xffffffffffffffff

Registers:
RAX=0x00007ffb12045ede, RBX=0x0000000016feb270, RCX=0x014b507373616c63, RDX=0x000000000000000e
RSP=0x000000001488d6a0, RBP=0x00000000312d8650, RSI=0x0000000026f025c0, RDI=0x00007ffb11ee0000
R8 =0x0000000026f025c0, R9 =0x0000000000000000, R10=0x000000000000001a, R11=0x000000002715f0b0
R12=0x000000000000001a, R13=0x0000000000000000, R14=0x000000002715f0b0, R15=0x0000000000000000
RIP=0x00007ffb12045ef0, EFLAGS=0x0000000000010202

Top of Stack: (sp=0x000000001488d6a0)
0x000000001488d6a0:   00007ffb6ba6e7a4 0000000015315500
0x000000001488d6b0:   000000001488d748 0000000012c7b800
0x000000001488d6c0:   00007ffb6ba6e79c 0000000000000000
0x000000001488d6d0:   0000000000000000 0000000000000000
0x000000001488d6e0:   0000000000000000 0000000000000000
0x000000001488d6f0:   0000000000000000 0000000000000000
0x000000001488d700:   0000000000000000 0000000000000000
0x000000001488d710:   0000000000000000 0000000000000000
0x000000001488d720:   0000000000000000 0000000000000000
0x000000001488d730:   000000002715f0b0 0000000000000000
0x000000001488d740:   000000000000001a 00000000312d8980
0x000000001488d750:   0000000016feb270 00007ffb46552124
0x000000001488d760:   0000000000000000 0000000012c7b800
0x000000001488d770:   000000001488d878 0000000003786215
0x000000001488d780:   00000000297b7240 00007ffb46604656
0x000000001488d790:   0000000000000000 0000000012c7b9e8 

Instructions: (pc=0x00007ffb12045ef0)
0x00007ffb12045ed0:   10 eb 1c 00 48 8d 84 07 de 5e 16 00 ff e0 48 83
0x00007ffb12045ee0:   be 80 00 00 00 00 0f 84 d6 05 00 00 48 8b 4e 50
0x00007ffb12045ef0:   48 8b 01 ff 90 70 02 00 00 48 8b 4e 50 44 8b 20
0x00007ffb12045f00:   48 8b 01 ff 90 70 02 00 00 8b 78 04 48 89 f1 48 


Register to memory mapping:

RAX=0x00007ffb12045ede is an unknown value
RBX=0x0000000016feb270 is an unknown value
RCX=0x014b507373616c63 is an unknown value
RDX=0x000000000000000e is an unknown value
RSP=0x000000001488d6a0 is pointing into the stack for thread: 0x0000000012c7b800
RBP=0x00000000312d8650 is an unknown value
RSI=0x0000000026f025c0 is an unknown value
RDI=0x00007ffb11ee0000 is an unknown value
R8 =0x0000000026f025c0 is an unknown value
R9 =0x0000000000000000 is an unknown value
R10=0x000000000000001a is an unknown value
R11=0x000000002715f0b0 is an unknown value
R12=0x000000000000001a is an unknown value
R13=0x0000000000000000 is an unknown value
R14=0x000000002715f0b0 is an unknown value
R15=0x0000000000000000 is an unknown value


Stack: [0x0000000014790000,0x0000000014890000],  sp=0x000000001488d6a0,  free space=1013k
Native frames: (J=compiled Java code, j=interpreted, Vv=VM code, C=native code)
C  0x00007ffb12045ef0

Java frames: (J=compiled Java code, j=interpreted, Vv=VM code)
j  vtk.vtkGenericRenderWindowInteractor.MouseMoveEvent_2()V+0
j  vtk.vtkGenericRenderWindowInteractor.MouseMoveEvent()V+4
j  star.vis.GenericInteractor.mouseMoved(Ljava/awt/event/MouseEvent;)V+141
J 1160 C2 java.awt.AWTEventMulticaster.mouseMoved(Ljava/awt/event/MouseEvent;)V (27 bytes) @ 0x0000000003b49308 [0x0000000003b492a0+0x68]
J 1160 C2 java.awt.AWTEventMulticaster.mouseMoved(Ljava/awt/event/MouseEvent;)V (27 bytes) @ 0x0000000003b49308 [0x0000000003b492a0+0x68]
j  java.awt.Component.processMouseMotionEvent(Ljava/awt/event/MouseEvent;)V+42
j  java.awt.Component.processEvent(Ljava/awt/AWTEvent;)V+92
j  java.awt.Component.dispatchEventImpl(Ljava/awt/AWTEvent;)V+581
J 1371 C2 java.awt.EventQueue$3.run()Ljava/lang/Object; (5 bytes) @ 0x0000000003beca7c [0x0000000003bec6e0+0x39c]
v  ~StubRoutines::call_stub
J 884  java.security.AccessController.doPrivileged(Ljava/security/PrivilegedAction;Ljava/security/AccessControlContext;)Ljava/lang/Object; (0 bytes) @ 0x0000000003927fc6 [0x0000000003927f60+0x66]
J 2053 C2 java.awt.EventQueue$4.run()Ljava/lang/Object; (5 bytes) @ 0x0000000003e2381c [0x0000000003e23720+0xfc]
v  ~StubRoutines::call_stub
J 884  java.security.AccessController.doPrivileged(Ljava/security/PrivilegedAction;Ljava/security/AccessControlContext;)Ljava/lang/Object; (0 bytes) @ 0x0000000003927fc6 [0x0000000003927f60+0x66]
J 2527 C2 java.awt.EventQueue.dispatchEvent(Ljava/awt/AWTEvent;)V (80 bytes) @ 0x0000000003c43aac [0x0000000003c438a0+0x20c]
J 727 C2 java.awt.EventDispatchThread.pumpOneEventForFilters(I)V (295 bytes) @ 0x00000000039970c8 [0x0000000003996e20+0x2a8]
J 2422% C2 java.awt.EventDispatchThread.pumpEventsForFilter(ILjava/awt/Conditional;Ljava/awt/EventFilter;)V (47 bytes) @ 0x0000000003f0231c [0x0000000003f02220+0xfc]
j  java.awt.EventDispatchThread.pumpEventsForHierarchy(ILjava/awt/Conditional;Ljava/awt/Component;)V+11
j  java.awt.EventDispatchThread.pumpEvents(ILjava/awt/Conditional;)V+4
j  java.awt.EventDispatchThread.pumpEvents(Ljava/awt/Conditional;)V+3
j  java.awt.EventDispatchThread.run()V+9
v  ~StubRoutines::call_stub

---------------  P R O C E S S  ---------------

Java Threads: ( => current thread )
  0x0000000028093000 JavaThread "Inactive RequestProcessor thread [Was:System clipboard synchronizer/org.netbeans.core.NbClipboard]" daemon [_thread_blocked, id=17500, stack(0x000000005ad60000,0x000000005ae60000)]
  0x0000000028092000 JavaThread "Inactive RequestProcessor thread [Was:Property Sheet/org.openide.explorer.propertysheet.PropertySheet$3]" daemon [_thread_blocked, id=9868, stack(0x000000007d390000,0x000000007d490000)]
  0x0000000015c0e000 JavaThread "SwingWorker-pool-4-thread-10" daemon [_thread_blocked, id=7036, stack(0x0000000027b70000,0x0000000027c70000)]
  0x0000000015c11000 JavaThread "pool-3-thread-1" [_thread_blocked, id=14740, stack(0x0000000027a70000,0x0000000027b70000)]
  0x0000000015c0c800 JavaThread "SwingWorker-pool-4-thread-9" daemon [_thread_blocked, id=1880, stack(0x0000000027870000,0x0000000027970000)]
  0x0000000015c03000 JavaThread "SwingWorker-pool-4-thread-8" daemon [_thread_blocked, id=9640, stack(0x0000000027770000,0x0000000027870000)]
  0x0000000015c09800 JavaThread "SwingWorker-pool-4-thread-7" daemon [_thread_blocked, id=6532, stack(0x0000000027670000,0x0000000027770000)]
  0x0000000015c08000 JavaThread "SwingWorker-pool-4-thread-6" daemon [_thread_blocked, id=10476, stack(0x0000000027570000,0x0000000027670000)]
  0x0000000015c02000 JavaThread "SwingWorker-pool-4-thread-5" daemon [_thread_blocked, id=6292, stack(0x00000000264a0000,0x00000000265a0000)]
  0x0000000015c07800 JavaThread "SwingWorker-pool-4-thread-4" daemon [_thread_blocked, id=8468, stack(0x00000000263a0000,0x00000000264a0000)]
  0x0000000015c05000 JavaThread "SwingWorker-pool-4-thread-3" daemon [_thread_blocked, id=18084, stack(0x00000000262a0000,0x00000000263a0000)]
  0x0000000015c03800 JavaThread "SwingWorker-pool-4-thread-2" daemon [_thread_blocked, id=4796, stack(0x000000001f4a0000,0x000000001f5a0000)]
  0x0000000015c06800 JavaThread "SwingWorker-pool-4-thread-1" daemon [_thread_blocked, id=17180, stack(0x000000001cd90000,0x000000001ce90000)]
  0x0000000015c06000 JavaThread "SceneGraphListener" daemon [_thread_in_native, id=4804, stack(0x0000000019ff0000,0x000000001a0f0000)]
  0x0000000015c09000 JavaThread "Update Queue Processor" daemon [_thread_blocked, id=11700, stack(0x0000000019ef0000,0x0000000019ff0000)]
  0x0000000013bf8800 JavaThread "Thread-10" daemon [_thread_blocked, id=12308, stack(0x0000000019df0000,0x0000000019ef0000)]
  0x0000000013bfc000 JavaThread "Thread-11" daemon [_thread_blocked, id=8664, stack(0x0000000019cf0000,0x0000000019df0000)]
  0x0000000013bfb800 JavaThread "Notify Handler" daemon [_thread_in_native, id=6412, stack(0x0000000019bf0000,0x0000000019cf0000)]
  0x0000000013bf9000 JavaThread "Process Error Listener" daemon [_thread_in_native, id=15496, stack(0x0000000019af0000,0x0000000019bf0000)]
  0x0000000013bff000 JavaThread "Process Output Listener" daemon [_thread_in_native, id=9168, stack(0x00000000199f0000,0x0000000019af0000)]
  0x0000000013bfd000 JavaThread "Swing-Shell" daemon [_thread_blocked, id=15940, stack(0x00000000192f0000,0x00000000193f0000)]
  0x0000000013bfa800 JavaThread "TimerQueue" daemon [_thread_blocked, id=6452, stack(0x0000000016390000,0x0000000016490000)]
  0x0000000013bfa000 JavaThread "Thread-4" daemon [_thread_blocked, id=12736, stack(0x0000000016290000,0x0000000016390000)]
=>0x0000000012c7b800 JavaThread "AWT-EventQueue-0" [_thread_in_native, id=3636, stack(0x0000000014790000,0x0000000014890000)]
  0x0000000012bfb800 JavaThread "AWT-Windows" daemon [_thread_in_native, id=16780, stack(0x00000000145d0000,0x00000000146d0000)]
  0x0000000012bfa800 JavaThread "AWT-Shutdown" [_thread_blocked, id=6136, stack(0x00000000144d0000,0x00000000145d0000)]
  0x000000001396e000 JavaThread "Java2D Disposer" daemon [_thread_blocked, id=9856, stack(0x0000000014320000,0x0000000014420000)]
  0x0000000012b7b800 JavaThread "CLI Requests Server" daemon [_thread_in_native, id=4708, stack(0x0000000013620000,0x0000000013720000)]
  0x0000000012b52000 JavaThread "Active Reference Queue Daemon" daemon [_thread_blocked, id=17672, stack(0x00000000133f0000,0x00000000134f0000)]
  0x0000000012a21800 JavaThread "Timer-0" daemon [_thread_blocked, id=18124, stack(0x00000000132f0000,0x00000000133f0000)]
  0x000000000377c000 JavaThread "Service Thread" daemon [_thread_blocked, id=10672, stack(0x00000000130f0000,0x00000000131f0000)]
  0x000000000377a000 JavaThread "C2 CompilerThread1" daemon [_thread_blocked, id=13240, stack(0x0000000012ff0000,0x00000000130f0000)]
  0x0000000003775800 JavaThread "C2 CompilerThread0" daemon [_thread_blocked, id=15020, stack(0x0000000012ef0000,0x0000000012ff0000)]
  0x0000000012911000 JavaThread "Attach Listener" daemon [_thread_blocked, id=9760, stack(0x0000000012df0000,0x0000000012ef0000)]
  0x0000000012910800 JavaThread "Signal Dispatcher" daemon [_thread_blocked, id=9072, stack(0x0000000012cf0000,0x0000000012df0000)]
  0x00000000108e1800 JavaThread "Finalizer" daemon [_thread_blocked, id=9408, stack(0x00000000127f0000,0x00000000128f0000)]
  0x00000000108db000 JavaThread "Reference Handler" daemon [_thread_blocked, id=17220, stack(0x00000000126f0000,0x00000000127f0000)]
  0x0000000003683800 JavaThread "main" [_thread_blocked, id=7376, stack(0x0000000001200000,0x0000000001300000)]

Other Threads:
  0x00000000108d5000 VMThread [stack: 0x00000000125f0000,0x00000000126f0000] [id=6804]
  0x0000000012922800 WatcherThread [stack: 0x00000000131f0000,0x00000000132f0000] [id=8748]

VM state:not at safepoint (normal execution)

VM Mutex/Monitor currently owned by a thread: None

Heap
 PSYoungGen      total 227840K, used 88602K [0x00000007ab200000, 0x00000007bdb00000, 0x0000000800000000)
  eden space 157696K, 28% used [0x00000007ab200000,0x00000007addf2c90,0x00000007b4c00000)
  from space 70144K, 62% used [0x00000007b9680000,0x00000007bc113b98,0x00000007bdb00000)
  to   space 73216K, 0% used [0x00000007b4c00000,0x00000007b4c00000,0x00000007b9380000)
 ParOldGen       total 195584K, used 154703K [0x0000000701600000, 0x000000070d500000, 0x00000007ab200000)
  object space 195584K, 79% used [0x0000000701600000,0x000000070ad13ef8,0x000000070d500000)
 PSPermGen       total 83968K, used 54015K [0x00000006fc400000, 0x0000000701600000, 0x0000000701600000)
  object space 83968K, 64% used [0x00000006fc400000,0x00000006ff8bfd48,0x0000000701600000)

Card table byte_map: [0x0000000006780000,0x0000000006fa0000] byte_map_base: 0x0000000002f9e000

Polling page: 0x0000000003050000

Code Cache  [0x0000000003780000, 0x0000000004000000, 0x0000000006780000)
 total_blobs=2968 nmethods=2261 adapters=657 free_code_cache=41097Kb largest_free_block=41462272

Compilation events (10 events):
Event: 8613.025 Thread 0x0000000003775800 2576   !         sun.awt.GlobalCursorManager$NativeUpdater::run (43 bytes)
Event: 8613.026 Thread 0x0000000003775800 nmethod 2576 0x000000000398ad50 code [0x000000000398aea0, 0x000000000398b108]
Event: 8631.108 Thread 0x000000000377a000 2577             javax.swing.text.html.parser.ContentModelState::advance (579 bytes)
Event: 8631.240 Thread 0x000000000377a000 nmethod 2577 0x0000000003d15c90 code [0x0000000003d163c0, 0x0000000003d1b9a0]
Event: 8632.131 Thread 0x0000000003775800 2578             java.util.HashMap::putAll (163 bytes)
Event: 8632.145 Thread 0x0000000003775800 nmethod 2578 0x0000000003ad5e50 code [0x0000000003ad6080, 0x0000000003ad6990]
Event: 8636.377 Thread 0x000000000377a000 2579   !         org.openide.util.lookup.MetaInfServicesLookup$P::getInstance (458 bytes)
Event: 8636.387 Thread 0x000000000377a000 nmethod 2579 0x0000000003cdd710 code [0x0000000003cdd8c0, 0x0000000003cde5a0]
Event: 8636.393 Thread 0x0000000003775800 2580             java.awt.AWTEventMulticaster::remove (9 bytes)
Event: 8636.394 Thread 0x0000000003775800 nmethod 2580 0x0000000003e437d0 code [0x0000000003e43920, 0x0000000003e439e8]

GC Heap History (10 events):
Event: 6265.513 GC heap before
{Heap before GC invocations=36 (full 2):
 PSYoungGen      total 190976K, used 190704K [0x00000007ab200000, 0x00000007bfb00000, 0x0000000800000000)
  eden space 188416K, 100% used [0x00000007ab200000,0x00000007b6a00000,0x00000007b6a00000)
  from space 2560K, 89% used [0x00000007b7100000,0x00000007b733c0c8,0x00000007b7380000)
  to   space 74240K, 0% used [0x00000007bb280000,0x00000007bb280000,0x00000007bfb00000)
 ParOldGen       total 195584K, used 99196K [0x0000000701600000, 0x000000070d500000, 0x00000007ab200000)
  object space 195584K, 50% used [0x0000000701600000,0x00000007076df2c8,0x000000070d500000)
 PSPermGen       total 83968K, used 50880K [0x00000006fc400000, 0x0000000701600000, 0x0000000701600000)
  object space 83968K, 60% used [0x00000006fc400000,0x00000006ff5b0088,0x0000000701600000)
Event: 6265.539 GC heap after
Heap after GC invocations=36 (full 2):
 PSYoungGen      total 248320K, used 2453K [0x00000007ab200000, 0x00000007bf380000, 0x0000000800000000)
  eden space 181760K, 0% used [0x00000007ab200000,0x00000007ab200000,0x00000007b6380000)
  from space 66560K, 3% used [0x00000007bb280000,0x00000007bb4e5660,0x00000007bf380000)
  to   space 73728K, 0% used [0x00000007b6380000,0x00000007b6380000,0x00000007bab80000)
 ParOldGen       total 195584K, used 99196K [0x0000000701600000, 0x000000070d500000, 0x00000007ab200000)
  object space 195584K, 50% used [0x0000000701600000,0x00000007076df2c8,0x000000070d500000)
 PSPermGen       total 83968K, used 50880K [0x00000006fc400000, 0x0000000701600000, 0x0000000701600000)
  object space 83968K, 60% used [0x00000006fc400000,0x00000006ff5b0088,0x0000000701600000)
}
Event: 6520.964 GC heap before
{Heap before GC invocations=37 (full 2):
 PSYoungGen      total 248320K, used 184213K [0x00000007ab200000, 0x00000007bf380000, 0x0000000800000000)
  eden space 181760K, 100% used [0x00000007ab200000,0x00000007b6380000,0x00000007b6380000)
  from space 66560K, 3% used [0x00000007bb280000,0x00000007bb4e5660,0x00000007bf380000)
  to   space 73728K, 0% used [0x00000007b6380000,0x00000007b6380000,0x00000007bab80000)
 ParOldGen       total 195584K, used 99196K [0x0000000701600000, 0x000000070d500000, 0x00000007ab200000)
  object space 195584K, 50% used [0x0000000701600000,0x00000007076df2c8,0x000000070d500000)
 PSPermGen       total 83968K, used 51415K [0x00000006fc400000, 0x0000000701600000, 0x0000000701600000)
  object space 83968K, 61% used [0x00000006fc400000,0x00000006ff635f38,0x0000000701600000)
Event: 6520.973 GC heap after
Heap after GC invocations=37 (full 2):
 PSYoungGen      total 193024K, used 17794K [0x00000007ab200000, 0x00000007be700000, 0x0000000800000000)
  eden space 175104K, 0% used [0x00000007ab200000,0x00000007ab200000,0x00000007b5d00000)
  from space 17920K, 99% used [0x00000007b6380000,0x00000007b74e0920,0x00000007b7500000)
  to   space 70656K, 0% used [0x00000007ba200000,0x00000007ba200000,0x00000007be700000)
 ParOldGen       total 195584K, used 99340K [0x0000000701600000, 0x000000070d500000, 0x00000007ab200000)
  object space 195584K, 50% used [0x0000000701600000,0x00000007077032c8,0x000000070d500000)
 PSPermGen       total 83968K, used 51415K [0x00000006fc400000, 0x0000000701600000, 0x0000000701600000)
  object space 83968K, 61% used [0x00000006fc400000,0x00000006ff635f38,0x0000000701600000)
}
Event: 8303.933 GC heap before
{Heap before GC invocations=38 (full 2):
 PSYoungGen      total 193024K, used 192898K [0x00000007ab200000, 0x00000007be700000, 0x0000000800000000)
  eden space 175104K, 100% used [0x00000007ab200000,0x00000007b5d00000,0x00000007b5d00000)
  from space 17920K, 99% used [0x00000007b6380000,0x00000007b74e0920,0x00000007b7500000)
  to   space 70656K, 0% used [0x00000007ba200000,0x00000007ba200000,0x00000007be700000)
 ParOldGen       total 195584K, used 99340K [0x0000000701600000, 0x000000070d500000, 0x00000007ab200000)
  object space 195584K, 50% used [0x0000000701600000,0x00000007077032c8,0x000000070d500000)
 PSPermGen       total 83968K, used 52577K [0x00000006fc400000, 0x0000000701600000, 0x0000000701600000)
  object space 83968K, 62% used [0x00000006fc400000,0x00000006ff758730,0x0000000701600000)
Event: 8303.947 GC heap after
Heap after GC invocations=38 (full 2):
 PSYoungGen      total 235520K, used 40302K [0x00000007ab200000, 0x00000007be300000, 0x0000000800000000)
  eden space 168960K, 0% used [0x00000007ab200000,0x00000007ab200000,0x00000007b5700000)
  from space 66560K, 60% used [0x00000007ba200000,0x00000007bc95bbf0,0x00000007be300000)
  to   space 71680K, 0% used [0x00000007b5700000,0x00000007b5700000,0x00000007b9d00000)
 ParOldGen       total 195584K, used 116390K [0x0000000701600000, 0x000000070d500000, 0x00000007ab200000)
  object space 195584K, 59% used [0x0000000701600000,0x00000007087a9830,0x000000070d500000)
 PSPermGen       total 83968K, used 52577K [0x00000006fc400000, 0x0000000701600000, 0x0000000701600000)
  object space 83968K, 62% used [0x00000006fc400000,0x00000006ff758730,0x0000000701600000)
}
Event: 8465.500 GC heap before
{Heap before GC invocations=39 (full 2):
 PSYoungGen      total 235520K, used 209262K [0x00000007ab200000, 0x00000007be300000, 0x0000000800000000)
  eden space 168960K, 100% used [0x00000007ab200000,0x00000007b5700000,0x00000007b5700000)
  from space 66560K, 60% used [0x00000007ba200000,0x00000007bc95bbf0,0x00000007be300000)
  to   space 71680K, 0% used [0x00000007b5700000,0x00000007b5700000,0x00000007b9d00000)
 ParOldGen       total 195584K, used 116390K [0x0000000701600000, 0x000000070d500000, 0x00000007ab200000)
  object space 195584K, 59% used [0x0000000701600000,0x00000007087a9830,0x000000070d500000)
 PSPermGen       total 83968K, used 53538K [0x00000006fc400000, 0x0000000701600000, 0x0000000701600000)
  object space 83968K, 63% used [0x00000006fc400000,0x00000006ff848bd8,0x0000000701600000)
Event: 8465.535 GC heap after
Heap after GC invocations=39 (full 2):
 PSYoungGen      total 169472K, used 5917K [0x00000007ab200000, 0x00000007bdb80000, 0x0000000800000000)
  eden space 163328K, 0% used [0x00000007ab200000,0x00000007ab200000,0x00000007b5180000)
  from space 6144K, 96% used [0x00000007b5700000,0x00000007b5cc7430,0x00000007b5d00000)
  to   space 70656K, 0% used [0x00000007b9680000,0x00000007b9680000,0x00000007bdb80000)
 ParOldGen       total 195584K, used 149882K [0x0000000701600000, 0x000000070d500000, 0x00000007ab200000)
  object space 195584K, 76% used [0x0000000701600000,0x000000070a85ea78,0x000000070d500000)
 PSPermGen       total 83968K, used 53538K [0x00000006fc400000, 0x0000000701600000, 0x0000000701600000)
  object space 83968K, 63% used [0x00000006fc400000,0x00000006ff848bd8,0x0000000701600000)
}
Event: 8587.984 GC heap before
{Heap before GC invocations=40 (full 2):
 PSYoungGen      total 169472K, used 169245K [0x00000007ab200000, 0x00000007bdb80000, 0x0000000800000000)
  eden space 163328K, 100% used [0x00000007ab200000,0x00000007b5180000,0x00000007b5180000)
  from space 6144K, 96% used [0x00000007b5700000,0x00000007b5cc7430,0x00000007b5d00000)
  to   space 70656K, 0% used [0x00000007b9680000,0x00000007b9680000,0x00000007bdb80000)
 ParOldGen       total 195584K, used 149882K [0x0000000701600000, 0x000000070d500000, 0x00000007ab200000)
  object space 195584K, 76% used [0x0000000701600000,0x000000070a85ea78,0x000000070d500000)
 PSPermGen       total 83968K, used 53915K [0x00000006fc400000, 0x0000000701600000, 0x0000000701600000)
  object space 83968K, 64% used [0x00000006fc400000,0x00000006ff8a6c50,0x0000000701600000)
Event: 8588.025 GC heap after
Heap after GC invocations=40 (full 2):
 PSYoungGen      total 227840K, used 43598K [0x00000007ab200000, 0x00000007bdb00000, 0x0000000800000000)
  eden space 157696K, 0% used [0x00000007ab200000,0x00000007ab200000,0x00000007b4c00000)
  from space 70144K, 62% used [0x00000007b9680000,0x00000007bc113b98,0x00000007bdb00000)
  to   space 73216K, 0% used [0x00000007b4c00000,0x00000007b4c00000,0x00000007b9380000)
 ParOldGen       total 195584K, used 154703K [0x0000000701600000, 0x000000070d500000, 0x00000007ab200000)
  object space 195584K, 79% used [0x0000000701600000,0x000000070ad13ef8,0x000000070d500000)
 PSPermGen       total 83968K, used 53915K [0x00000006fc400000, 0x0000000701600000, 0x0000000701600000)
  object space 83968K, 64% used [0x00000006fc400000,0x00000006ff8a6c50,0x0000000701600000)
}

Deoptimization events (10 events):
Event: 8588.241 Thread 0x0000000012c7b800 Uncommon trap: reason=class_check action=maybe_recompile pc=0x0000000003bdcb18 method=java.util.TimSort.mergeLo(IIII)V @ 185
Event: 8588.242 Thread 0x0000000012c7b800 Uncommon trap: reason=class_check action=maybe_recompile pc=0x0000000003bdcb18 method=java.util.TimSort.mergeLo(IIII)V @ 185
Event: 8588.367 Thread 0x0000000012c7b800 Uncommon trap: reason=class_check action=maybe_recompile pc=0x0000000003a937e8 method=sun.font.Font2D.getStrike(Lsun/font/FontStrikeDesc;Z)Lsun/font/FontStrike; @ 51
Event: 8588.402 Thread 0x0000000012c7b800 Uncommon trap: reason=unreached action=reinterpret pc=0x0000000003e7770c method=javax.swing.JComponent.getBounds(Ljava/awt/Rectangle;)Ljava/awt/Rectangle; @ 1
Event: 8588.413 Thread 0x0000000012c7b800 Uncommon trap: reason=bimorphic action=maybe_recompile pc=0x0000000003a129d8 method=javax.swing.plaf.basic.BasicTableUI.paintCells(Ljava/awt/Graphics;IIII)V @ 36
Event: 8588.424 Thread 0x0000000012c7b800 Uncommon trap: reason=bimorphic action=maybe_recompile pc=0x0000000003a129d8 method=javax.swing.plaf.basic.BasicTableUI.paintCells(Ljava/awt/Graphics;IIII)V @ 36
Event: 8589.328 Thread 0x0000000012c7b800 Uncommon trap: reason=bimorphic action=maybe_recompile pc=0x0000000003a129d8 method=javax.swing.plaf.basic.BasicTableUI.paintCells(Ljava/awt/Graphics;IIII)V @ 36
Event: 8589.408 Thread 0x0000000012c7b800 Uncommon trap: reason=bimorphic action=maybe_recompile pc=0x0000000003a129d8 method=javax.swing.plaf.basic.BasicTableUI.paintCells(Ljava/awt/Graphics;IIII)V @ 36
Event: 8595.467 Thread 0x000000002809b800 Uncommon trap: reason=class_check action=maybe_recompile pc=0x0000000003af638c method=star.base.neo.NeoProperty.outputHashtable(Ljava/io/Writer;Ljava/util/Hashtable;)V @ 16
Event: 8636.389 Thread 0x0000000012c7b800 Uncommon trap: reason=predicate action=maybe_recompile pc=0x0000000003f08d84 method=java.util.AbstractSet.removeAll(Ljava/util/Collection;)Z @ 31

Internal exceptions (10 events):
Event: 8587.790 Thread 0x0000000012c7b800 Threw 0x00000007b4b66240 at C:\re\jdk7u75\1940\hotspot\src\share\vm\prims\jvm.cpp:1281
Event: 8587.791 Thread 0x0000000012c7b800 Threw 0x00000007b4b66f90 at C:\re\jdk7u75\1940\hotspot\src\share\vm\prims\jvm.cpp:1281
Event: 8587.791 Thread 0x0000000012c7b800 Threw 0x00000007b4b6dd08 at C:\re\jdk7u75\1940\hotspot\src\share\vm\prims\jvm.cpp:1281
Event: 8587.791 Thread 0x0000000012c7b800 Threw 0x00000007b4b6eb28 at C:\re\jdk7u75\1940\hotspot\src\share\vm\prims\jvm.cpp:1281
Event: 8587.791 Thread 0x0000000012c7b800 Threw 0x00000007b4b6f2a8 at C:\re\jdk7u75\1940\hotspot\src\share\vm\prims\jvm.cpp:1281
Event: 8587.791 Thread 0x0000000012c7b800 Threw 0x00000007b4b700c8 at C:\re\jdk7u75\1940\hotspot\src\share\vm\prims\jvm.cpp:1281
Event: 8634.830 Thread 0x0000000012c7b800 Threw 0x00000007ad743fa8 at C:\re\jdk7u75\1940\hotspot\src\share\vm\prims\jvm.cpp:1281
Event: 8634.831 Thread 0x0000000012c7b800 Threw 0x00000007ad747640 at C:\re\jdk7u75\1940\hotspot\src\share\vm\prims\jvm.cpp:1281
Event: 8634.834 Thread 0x0000000028092000 Threw 0x00000007ad90c948 at C:\re\jdk7u75\1940\hotspot\src\share\vm\prims\jvm.cpp:1281
Event: 8634.834 Thread 0x0000000028092000 Threw 0x00000007ad90d6a8 at C:\re\jdk7u75\1940\hotspot\src\share\vm\prims\jvm.cpp:1281

Events (10 events):
Event: 8636.390 Executing VM operation: RevokeBias
Event: 8636.390 Executing VM operation: RevokeBias done
Event: 8636.390 Executing VM operation: RevokeBias
Event: 8636.390 Executing VM operation: RevokeBias done
Event: 8636.390 Executing VM operation: RevokeBias
Event: 8636.390 Executing VM operation: RevokeBias done
Event: 8636.394 Thread 0x0000000003775800 flushing nmethod 0x0000000003ed0490
Event: 8636.394 Thread 0x0000000003775800 flushing nmethod 0x0000000003ed5b10
Event: 8636.394 Thread 0x0000000003775800 flushing nmethod 0x0000000003edd410
Event: 8636.394 Thread 0x0000000003775800 flushing nmethod 0x0000000003f32250


Dynamic libraries:
0x00007ff757870000 - 0x00007ff757969000 	C:\Program Files\CD-adapco\STAR-CCM+10.04.008-R8\star\bin\starccmw.exe
0x00007ffb7b780000 - 0x00007ffb7b951000 	C:\WINDOWS\SYSTEM32\ntdll.dll
0x00007ffb7aae0000 - 0x00007ffb7ab8b000 	C:\WINDOWS\System32\KERNEL32.DLL
0x00007ffb789f0000 - 0x00007ffb78c0d000 	C:\WINDOWS\System32\KERNELBASE.dll
0x00007ffb7acd0000 - 0x00007ffb7ad3a000 	C:\WINDOWS\System32\WS2_32.dll
0x00007ffb7a7b0000 - 0x00007ffb7a809000 	C:\WINDOWS\System32\sechost.dll
0x00007ffb7a420000 - 0x00007ffb7a541000 	C:\WINDOWS\System32\RPCRT4.dll
0x00007ffb78d10000 - 0x00007ffb78e75000 	C:\WINDOWS\System32\USER32.dll
0x00007ffb789d0000 - 0x00007ffb789ee000 	C:\WINDOWS\System32\win32u.dll
0x00007ffb7afe0000 - 0x00007ffb7b014000 	C:\WINDOWS\System32\GDI32.dll
0x00007ffb78610000 - 0x00007ffb78792000 	C:\WINDOWS\System32\gdi32full.dll
0x00007ffb7a980000 - 0x00007ffb7aa22000 	C:\WINDOWS\System32\ADVAPI32.dll
0x00007ffb7aa30000 - 0x00007ffb7aace000 	C:\WINDOWS\System32\msvcrt.dll
0x00007ffb78ea0000 - 0x00007ffb7a3a9000 	C:\WINDOWS\System32\SHELL32.dll
0x00007ffb78cc0000 - 0x00007ffb78d02000 	C:\WINDOWS\System32\cfgmgr32.dll
0x00007ffb77c70000 - 0x00007ffb7834a000 	C:\WINDOWS\System32\windows.storage.dll
0x00007ffb7b4b0000 - 0x00007ffb7b778000 	C:\WINDOWS\System32\combase.dll
0x00007ffb78510000 - 0x00007ffb78605000 	C:\WINDOWS\System32\ucrtbase.dll
0x00007ffb78350000 - 0x00007ffb783ba000 	C:\WINDOWS\System32\bcryptPrimitives.dll
0x00007ffb77c10000 - 0x00007ffb77c5c000 	C:\WINDOWS\System32\powrprof.dll
0x00007ffb7a3b0000 - 0x00007ffb7a402000 	C:\WINDOWS\System32\shlwapi.dll
0x00007ffb77c00000 - 0x00007ffb77c0f000 	C:\WINDOWS\System32\kernel.appcore.dll
0x00007ffb78c10000 - 0x00007ffb78cb9000 	C:\WINDOWS\System32\shcore.dll
0x00007ffb77be0000 - 0x00007ffb77bf4000 	C:\WINDOWS\System32\profapi.dll
0x00007ffb7a810000 - 0x00007ffb7a947000 	C:\WINDOWS\System32\ole32.dll
0x00007ffb7ac10000 - 0x00007ffb7accf000 	C:\WINDOWS\System32\OLEAUT32.dll
0x00007ffb783c0000 - 0x00007ffb7845c000 	C:\WINDOWS\System32\msvcp_win.dll
0x00007ffb7a950000 - 0x00007ffb7a97e000 	C:\WINDOWS\System32\IMM32.DLL
0x00007ffb77850000 - 0x00007ffb7787c000 	C:\WINDOWS\SYSTEM32\SspiCli.dll
0x000000006dc20000 - 0x000000006e3f4000 	C:\Program Files\CD-adapco\jdk\win64\jdk1.7.0_75\jre\bin\server\jvm.dll
0x00007ffb7a410000 - 0x00007ffb7a418000 	C:\WINDOWS\System32\PSAPI.DLL
0x00007ffb609a0000 - 0x00007ffb609a9000 	C:\WINDOWS\SYSTEM32\WSOCK32.dll
0x00007ffb75dc0000 - 0x00007ffb75de3000 	C:\WINDOWS\SYSTEM32\WINMM.dll
0x000000006fb10000 - 0x000000006fbe2000 	C:\WINDOWS\SYSTEM32\MSVCR100.dll
0x00007ffb75d30000 - 0x00007ffb75d5b000 	C:\WINDOWS\SYSTEM32\winmmbase.dll
0x000000006f210000 - 0x000000006f21f000 	C:\Program Files\CD-adapco\jdk\win64\jdk1.7.0_75\jre\bin\verify.dll
0x000000006f1e0000 - 0x000000006f208000 	C:\Program Files\CD-adapco\jdk\win64\jdk1.7.0_75\jre\bin\java.dll
0x000000006f1c0000 - 0x000000006f1d5000 	C:\Program Files\CD-adapco\jdk\win64\jdk1.7.0_75\jre\bin\zip.dll
0x000000006f1a0000 - 0x000000006f1b9000 	C:\Program Files\CD-adapco\jdk\win64\jdk1.7.0_75\jre\bin\net.dll
0x00007ffb77360000 - 0x00007ffb773bc000 	C:\WINDOWS\system32\mswsock.dll
0x00007ffb770f0000 - 0x00007ffb77128000 	C:\WINDOWS\SYSTEM32\IPHLPAPI.DLL
0x00007ffb7aad0000 - 0x00007ffb7aad8000 	C:\WINDOWS\System32\NSI.dll
0x00007ffb72840000 - 0x00007ffb72856000 	C:\WINDOWS\SYSTEM32\dhcpcsvc6.DLL
0x00007ffb72cd0000 - 0x00007ffb72cea000 	C:\WINDOWS\SYSTEM32\dhcpcsvc.DLL
0x000000006ec60000 - 0x000000006edf5000 	C:\Program Files\CD-adapco\jdk\win64\jdk1.7.0_75\jre\bin\awt.dll
0x00007ffb76070000 - 0x00007ffb760ea000 	C:\WINDOWS\SYSTEM32\apphelp.dll
0x00007ffb77650000 - 0x00007ffb77667000 	C:\WINDOWS\SYSTEM32\CRYPTSP.dll
0x00007ffb77560000 - 0x00007ffb77593000 	C:\WINDOWS\system32\rsaenh.dll
0x00007ffb77b20000 - 0x00007ffb77b4b000 	C:\WINDOWS\SYSTEM32\bcrypt.dll
0x00007ffb771e0000 - 0x00007ffb771ff000 	C:\WINDOWS\SYSTEM32\USERENV.dll
0x00007ffb77670000 - 0x00007ffb7767b000 	C:\WINDOWS\SYSTEM32\CRYPTBASE.dll
0x000000006f180000 - 0x000000006f191000 	C:\Program Files\CD-adapco\jdk\win64\jdk1.7.0_75\jre\bin\nio.dll
0x00007ffb756a0000 - 0x00007ffb756c6000 	C:\WINDOWS\system32\DWMAPI.DLL
0x00007ffb76370000 - 0x00007ffb76405000 	C:\WINDOWS\system32\uxtheme.dll
0x00007ffb62260000 - 0x00007ffb62276000 	C:\WINDOWS\system32\napinsp.dll
0x00007ffb620f0000 - 0x00007ffb6210a000 	C:\WINDOWS\system32\pnrpnsp.dll
0x00007ffb722a0000 - 0x00007ffb722b8000 	C:\WINDOWS\system32\NLAapi.dll
0x00007ffb77130000 - 0x00007ffb771d0000 	C:\WINDOWS\SYSTEM32\DNSAPI.dll
0x00007ffb61800000 - 0x00007ffb6180e000 	C:\WINDOWS\System32\winrnr.dll
0x000000006fae0000 - 0x000000006fb06000 	C:\Program Files\Bonjour\mdnsNSP.dll
0x00007ffb60dc0000 - 0x00007ffb60dd5000 	C:\WINDOWS\System32\wshbth.dll
0x00007ffb6aa40000 - 0x00007ffb6aa4a000 	C:\Windows\System32\rasadhlp.dll
0x00007ffb6d540000 - 0x00007ffb6d5aa000 	C:\WINDOWS\System32\fwpuclnt.dll
0x00007ffb729f0000 - 0x00007ffb72a9c000 	C:\WINDOWS\WinSxS\amd64_microsoft.windows.common-controls_6595b64144ccf1df_5.82.14393.447_none_0d5aa7fbb6d35646\COMCTL32.dll
0x00007ffb7a550000 - 0x00007ffb7a6ab000 	C:\WINDOWS\System32\MSCTF.dll
0x000000006ec10000 - 0x000000006ec57000 	C:\Program Files\CD-adapco\jdk\win64\jdk1.7.0_75\jre\bin\fontmanager.dll
0x000000006ebc0000 - 0x000000006ec01000 	C:\Program Files\CD-adapco\jdk\win64\jdk1.7.0_75\jre\bin\t2k.dll
0x00007ffb6ba30000 - 0x00007ffb6baac000 	C:\Program Files\CD-adapco\STAR-CCM+10.04.008-R8\vtk\install-044\lib\win64\vc10\vtkCommonJava.dll
0x000000006fbf0000 - 0x000000006fc88000 	C:\WINDOWS\SYSTEM32\MSVCP100.dll
0x00007ffb46520000 - 0x00007ffb4673f000 	C:\Program Files\CD-adapco\STAR-CCM+10.04.008-R8\vtk\install-044\lib\win64\vc10\vtkCommon.dll
0x00007ffb60650000 - 0x00007ffb606b3000 	C:\Program Files\CD-adapco\STAR-CCM+10.04.008-R8\vtk\install-044\lib\win64\vc10\vtksys.dll
0x00007ffb59270000 - 0x00007ffb5934a000 	C:\Program Files\CD-adapco\STAR-CCM+10.04.008-R8\vtk\install-044\lib\win64\vc10\vtkFilteringJava.dll
0x00007ffb449d0000 - 0x00007ffb44ca2000 	C:\Program Files\CD-adapco\STAR-CCM+10.04.008-R8\vtk\install-044\lib\win64\vc10\vtkFiltering.dll
0x00007ffb605f0000 - 0x00007ffb6064e000 	C:\Program Files\CD-adapco\STAR-CCM+10.04.008-R8\vtk\install-044\lib\win64\vc10\vtkIOJava.dll
0x00007ffb442d0000 - 0x00007ffb4465b000 	C:\Program Files\CD-adapco\STAR-CCM+10.04.008-R8\vtk\install-044\lib\win64\vc10\vtkIO.dll
0x00007ffb6b9f0000 - 0x00007ffb6ba2e000 	C:\Program Files\CD-adapco\STAR-CCM+10.04.008-R8\vtk\install-044\lib\win64\vc10\vtkNetCDF.dll
0x00007ffb605a0000 - 0x00007ffb605e3000 	C:\Program Files\CD-adapco\STAR-CCM+10.04.008-R8\vtk\install-044\lib\win64\vc10\vtkDICOMParser.dll
0x00007ffb711d0000 - 0x00007ffb711fc000 	C:\Program Files\CD-adapco\STAR-CCM+10.04.008-R8\vtk\install-044\lib\win64\vc10\vtkpng.dll
0x00007ffb71530000 - 0x00007ffb71547000 	C:\Program Files\CD-adapco\STAR-CCM+10.04.008-R8\vtk\install-044\lib\win64\vc10\vtkzlib.dll
0x00007ffb606f0000 - 0x00007ffb60721000 	C:\Program Files\CD-adapco\STAR-CCM+10.04.008-R8\vtk\install-044\lib\win64\vc10\vtkjpeg.dll
0x00007ffb5f970000 - 0x00007ffb5f9cb000 	C:\Program Files\CD-adapco\STAR-CCM+10.04.008-R8\vtk\install-044\lib\win64\vc10\vtktiff.dll
0x00007ffb71480000 - 0x00007ffb714a0000 	C:\WINDOWS\SYSTEM32\AVIFIL32.dll
0x00007ffb6dd00000 - 0x00007ffb6dd2d000 	C:\Program Files\CD-adapco\STAR-CCM+10.04.008-R8\vtk\install-044\lib\win64\vc10\vtkexpat.dll
0x0000000065ec0000 - 0x00000000670e3000 	C:\Program Files\CD-adapco\STAR-CCM+10.04.008-R8\vtk\install-044\lib\win64\vc10\avcodec-53.dll
0x000000006ab00000 - 0x000000006ac26000 	C:\Program Files\CD-adapco\STAR-CCM+10.04.008-R8\vtk\install-044\lib\win64\vc10\avformat-53.dll
0x0000000068b80000 - 0x0000000068ba9000 	C:\Program Files\CD-adapco\STAR-CCM+10.04.008-R8\vtk\install-044\lib\win64\vc10\avutil-51.dll
0x00007ffb5f7d0000 - 0x00007ffb5f7f9000 	C:\WINDOWS\SYSTEM32\MSVFW32.dll
0x00007ffb71430000 - 0x00007ffb7144c000 	C:\WINDOWS\SYSTEM32\MSACM32.dll
0x00007ffb58e10000 - 0x00007ffb58e63000 	C:\Program Files\CD-adapco\STAR-CCM+10.04.008-R8\vtk\install-044\lib\win64\vc10\vtkImagingJava.dll
0x00007ffb41cb0000 - 0x00007ffb42056000 	C:\Program Files\CD-adapco\STAR-CCM+10.04.008-R8\vtk\install-044\lib\win64\vc10\vtkImaging.dll
0x00007ffb52200000 - 0x00007ffb522cd000 	C:\Program Files\CD-adapco\STAR-CCM+10.04.008-R8\vtk\install-044\lib\win64\vc10\vtkGraphicsJava.dll
0x00007ffb36b00000 - 0x00007ffb371b9000 	C:\Program Files\CD-adapco\STAR-CCM+10.04.008-R8\vtk\install-044\lib\win64\vc10\vtkGraphics.dll
0x00007ffb6d850000 - 0x00007ffb6d861000 	C:\Program Files\CD-adapco\STAR-CCM+10.04.008-R8\vtk\install-044\lib\win64\vc10\vtkParallelJava.dll
0x00007ffb5c2c0000 - 0x00007ffb5c2f1000 	C:\Program Files\CD-adapco\STAR-CCM+10.04.008-R8\vtk\install-044\lib\win64\vc10\vtkParallel.dll
0x00007ffb520c0000 - 0x00007ffb52171000 	C:\Program Files\CD-adapco\STAR-CCM+10.04.008-R8\vtk\install-044\lib\win64\vc10\vtkRenderingJava.dll
0x00007ffb36690000 - 0x00007ffb36af3000 	C:\Program Files\CD-adapco\STAR-CCM+10.04.008-R8\vtk\install-044\lib\win64\vc10\vtkRendering.dll
0x00007ffb58df0000 - 0x00007ffb58e07000 	C:\Program Files\CD-adapco\STAR-CCM+10.04.008-R8\vtk\install-044\lib\win64\vc10\vtkftgl.dll
0x00007ffb51820000 - 0x00007ffb518a5000 	C:\Program Files\CD-adapco\STAR-CCM+10.04.008-R8\vtk\install-044\lib\win64\vc10\vtkfreetype.dll
0x00007ffb55a40000 - 0x00007ffb55b63000 	C:\WINDOWS\SYSTEM32\OPENGL32.dll
0x00007ffb603b0000 - 0x00007ffb603dd000 	C:\WINDOWS\SYSTEM32\GLU32.dll
0x00007ffb560a0000 - 0x00007ffb56197000 	C:\WINDOWS\SYSTEM32\DDRAW.dll
0x00007ffb714b0000 - 0x00007ffb714b8000 	C:\WINDOWS\SYSTEM32\DCIMAN32.dll
0x00007ffb58960000 - 0x00007ffb589b5000 	C:\Program Files\CD-adapco\STAR-CCM+10.04.008-R8\vtk\install-044\lib\win64\vc10\vtkHybridJava.dll
0x00007ffb44e30000 - 0x00007ffb45057000 	C:\Program Files\CD-adapco\STAR-CCM+10.04.008-R8\vtk\install-044\lib\win64\vc10\vtkHybrid.dll
0x00007ffb531d0000 - 0x00007ffb531e8000 	C:\WINDOWS\SYSTEM32\AVICAP32.dll
0x00007ffb52360000 - 0x00007ffb52399000 	C:\Program Files\CD-adapco\STAR-CCM+10.04.008-R8\vtk\install-044\lib\win64\vc10\vtkexoIIc.dll
0x00007ffb516f0000 - 0x00007ffb5175c000 	C:\Program Files\CD-adapco\STAR-CCM+10.04.008-R8\vtk\install-044\lib\win64\vc10\vtkWidgetsJava.dll
0x00007ffb498c0000 - 0x00007ffb49a2a000 	C:\Program Files\CD-adapco\STAR-CCM+10.04.008-R8\vtk\install-044\lib\win64\vc10\vtkWidgets.dll
0x00007ffb530f0000 - 0x00007ffb53105000 	C:\Program Files\CD-adapco\STAR-CCM+10.04.008-R8\vtk\install-044\lib\win64\vc10\vtkStarJava.dll
0x00007ffb52070000 - 0x00007ffb520bc000 	C:\Program Files\CD-adapco\STAR-CCM+10.04.008-R8\vtk\install-044\lib\win64\vc10\vtkStar.dll
0x00007ffb7a6b0000 - 0x00007ffb7a74f000 	C:\WINDOWS\System32\clbcatq.dll
0x00007ffb72d40000 - 0x00007ffb72fb9000 	C:\WINDOWS\WinSxS\amd64_microsoft.windows.common-controls_6595b64144ccf1df_6.0.14393.447_none_42191651c6827bb3\comctl32.dll
0x00007ffb70bc0000 - 0x00007ffb70d68000 	C:\WINDOWS\SYSTEM32\WindowsCodecs.dll
0x00007ffb58fb0000 - 0x00007ffb58ff9000 	C:\WINDOWS\system32\dataexchange.dll
0x00007ffb74f30000 - 0x00007ffb751e6000 	C:\WINDOWS\system32\d3d11.dll
0x00007ffb75960000 - 0x00007ffb75ab1000 	C:\WINDOWS\system32\dcomp.dll
0x00007ffb76b70000 - 0x00007ffb76c0f000 	C:\WINDOWS\system32\dxgi.dll
0x00007ffb76640000 - 0x00007ffb7675c000 	C:\WINDOWS\system32\twinapi.appcore.dll
0x000000006f170000 - 0x000000006f17b000 	C:\Program Files\CD-adapco\jdk\win64\jdk1.7.0_75\jre\bin\management.dll
0x00007ffb43510000 - 0x00007ffb43540000 	C:\Program Files\CD-adapco\STAR-CCM+10.04.008-R8\star\lib\win64\intel15.0-r8\lib\StarSceneGraphJava.dll
0x00007ffb43680000 - 0x00007ffb43866000 	C:\Program Files\CD-adapco\STAR-CCM+10.04.008-R8\star\lib\win64\intel15.0-r8\lib\StarNeo.dll
0x00007ffb51020000 - 0x00007ffb5109a000 	C:\Program Files\CD-adapco\STAR-CCM+10.04.008-R8\star\lib\win64\intel15.0-r8\lib\StarPlatform.dll
0x00007ffb21cf0000 - 0x00007ffb21f56000 	C:\Program Files\CD-adapco\STAR-CCM+10.04.008-R8\ssgvtk\install-010\lib\win64\vc10\ssgvtkCommonDataModel-6.1.dll
0x00007ffb21f60000 - 0x00007ffb221a8000 	C:\Program Files\CD-adapco\STAR-CCM+10.04.008-R8\ssgvtk\install-010\lib\win64\vc10\ssgvtkCommonCore-6.1.dll
0x00007ffb221b0000 - 0x00007ffb2262b000 	C:\Program Files\CD-adapco\STAR-CCM+10.04.008-R8\star\lib\win64\intel15.0-r8\lib\StarSceneGraph.dll
0x00007ffb14fe0000 - 0x00007ffb152aa000 	C:\Program Files\CD-adapco\STAR-CCM+10.04.008-R8\star\lib\win64\intel15.0-r8\lib\StarSceneGraphRenderer.dll
0x00007ffb42510000 - 0x00007ffb4258e000 	C:\Program Files\CD-adapco\STAR-CCM+10.04.008-R8\star\lib\win64\intel15.0-r8\lib\StarSceneGraphWidget.dll
0x00007ffb43d80000 - 0x00007ffb43dae000 	C:\Program Files\CD-adapco\STAR-CCM+10.04.008-R8\star\lib\win64\intel15.0-r8\lib\StarSceneGraphCommon.dll

VM Arguments:
jvm_args: -Dstar.platformDir=C:\Program Files\CD-adapco\STAR-CCM+10.04.008-R8\star\lib\java\platform -Dstar.helpCmd=wwhelp.exe -Dstar.serverCmd=starccm+ -server  -cpubind   -Dnetbeans.security.nocheck=true -Dnetbeans.ps.neverMargin=true -Dnetbeans.logger.console=false -Dsun.java2d.d3d=false -Dsun.java2d.noddraw=true -Dplugin.manager.check.updates=false -Dorg.netbeans.core.TimeableEventQueue.report=120000 -Dorg.netbeans.core.TimeableEventQueue.waitcursor=240000 -Dstarccm.openfile=C:\Users\Ali\Documents\MEGA\University\5th_Year\CFD 5\Assignment 2\Simulations\DWing-waves-MM.sim -Djava.library.path=C:\Program Files\CD-adapco\STAR-CCM+10.04.008-R8\star\bin;C:\Program Files\CD-adapco\STAR-CCM+10.04.008-R8\star\lib\win64\intel15.0-r8\lib;C:\Program Files\CD-adapco\jdk\win64\jdk1.7.0_75\bin;C:\Program Files\CD-adapco\jdk\win64\jdk1.7.0_75\jre\bin;C:\Program Files\CD-adapco\STAR-CCM+10.04.008-R8\compilers\win64\intel15.0;C:\Program Files\CD-adapco\STAR-CCM+10.04.008-R8\vtk\install-044\lib\win64\vc10;C:\Program Files\CD-adapco\STAR-CCM+10.04.008-R8\ssgvtk\install-010\lib\win64\vc10;C:\Program Files\CD-adapco\STAR-CCM+10.04.008-R8\boost\1_51_0\win64\lib;C:\Program Files\CD-adapco\STAR-CCM+10.04.008-R8\spacemouse\1.2\lib\win64\vc10;C:\Program Files\CD-adapco\STAR-CCM+10.04.008-R8\scmat\10.04.001\win64;C:\Program Files\CD-adapco\STAR-CCM+10.04.008-R8\scshell\2.0\win64\bin;C:\Program Files (x86)\NVIDIA Corporation\PhysX\Common;c:\programdata\oracle\java\javapath;;c:\program files (x86)\intel\icls client\;c:\program files\intel\icls client\;c:\windows\system32;c:\windows;c:\windows\system32\wbem;c:\windows\system32\windowspowershell\v1.0\;c:\program files\intel\intel(r) management engine components\dal;c:\program files\intel\intel(r) management engine components\ipt;c:\program files (x86)\intel\intel(r) management engine components\dal;c:\program files (x86)\intel\intel(r) management engine components\ipt;c:\program files\intel\wifi\bin\;c:\program files\common files\intel\wirelesscommon\;c:\simulia\abaqus\commands;c:\program files\miktex 2.9\miktex\bin\x64\;c:\program files (x86)\windows live\shared;c:\program files\cd-adapco\star-view+9.04.009;c:\program files\cd-adapco\star-ccm+9.06.009-r8\star\bin;c:\program files\cd-adapco\star-view+9.06.009;C:\WINDOWS\system32;C:\WINDOWS;C:\WINDOWS\System32\Wbem;C:\WINDOWS\System32\WindowsPowerShell\v1.0\;C:\Program Files\CD-adapco\STAR-CCM+10.04.008-R8\star\bin;C:\Program Files\CD-adapco\STAR-View+10.04.008;C:\SU2\;C:\Program Files (x86)\Skype\Phone\;C:\Program Files (x86)\Windows Kits\8.1\Windows Performance -Dnetbeans.home=C:\Program Files\CD-adapco\STAR-CCM+10.04.008-R8\star\lib\java\platform -Dnetbeans.user=C:\Users\Ali\AppData\Local\CD-adapco\STAR-CCM+ 10.04.008 -Djdk.home=C:\Program Files\CD-adapco\jdk\win64\jdk1.7.0_75 
java_command: <unknown>
Launcher Type: generic

Environment Variables:
USERNAME=Ali
OS=Windows_NT
PROCESSOR_IDENTIFIER=Intel64 Family 6 Model 60 Stepping 3, GenuineIntel



---------------  S Y S T E M  ---------------

OS: Windows 8 , 64 bit Build 9200 

CPU:total 8 (4 cores per cpu, 2 threads per core) family 6 model 60 stepping 3, cmov, cx8, fxsr, mmx, sse, sse2, sse3, ssse3, sse4.1, sse4.2, popcnt, avx, avx2, aes, erms, ht, tsc, tscinvbit

Memory: 4k page, physical 16683408k(9369020k free), swap 19173776k(8053040k free)

vm_info: Java HotSpot(TM) 64-Bit Server VM (24.75-b04) for windows-amd64 JRE (1.7.0_75-b13), built on Dec 18 2014 17:15:01 by "java_re" with unknown MS VC++:1600

time: Sun Jan 08 21:41:00 2017
elapsed time: 8637 seconds

